#
# There is insufficient memory for the Java Runtime Environment to continue.
# Native memory allocation (malloc) failed to allocate 360976 bytes for Chunk::new
# Possible reasons:
#   The system is out of physical RAM or swap space
#   The process is running with CompressedOops enabled, and the Java Heap may be blocking the growth of the native heap
# Possible solutions:
#   Reduce memory load on the system
#   Increase physical memory or swap space
#   Check if swap backing store is full
#   Decrease Java heap size (-Xmx/-Xms)
#   Decrease number of Java threads
#   Decrease Java thread stack sizes (-Xss)
#   Set larger code cache with -XX:ReservedCodeCacheSize=
#   JVM is running with Unscaled Compressed Oops mode in which the Java heap is
#     placed in the first 4GB address space. The Java Heap base address is the
#     maximum limit for the native heap growth. Please use -XX:HeapBaseMinAddress
#     to set the Java Heap base and to place the Java Heap above 4GB virtual address.
# This output file may be truncated or incomplete.
#
#  Out of Memory Error (./open/src/hotspot/share/memory/arena.cpp:197), pid=30492, tid=29600
#
# JRE version: Java(TM) SE Runtime Environment 18.9 (11.0.15+8) (build 11.0.15+8-LTS-149)
# Java VM: Java HotSpot(TM) 64-Bit Server VM 18.9 (11.0.15+8-LTS-149, mixed mode, tiered, compressed oops, g1 gc, windows-amd64)
# No core dump will be written. Minidumps are not enabled by default on client versions of Windows
#

---------------  S U M M A R Y ------------

Command Line: -ea -Dfile.encoding=UTF-8 org.testng.remote.RemoteTestNG -serport 51637 -protocol json -d C:\Fullstack Selenium JV\02-Selenium Webdriver\test-output C:\Users\yentt\AppData\Local\Temp\testng-eclipse-1155823957\testng-customsuite.xml

Host: Intel(R) Core(TM) i5-5200U CPU @ 2.20GHz, 4 cores, 7G,  Windows 10 , 64 bit Build 19041 (10.0.19041.1889)
Time: Fri Oct  7 17:27:41 2022 SE Asia Standard Time elapsed time: 4.005552 seconds (0d 0h 0m 4s)

---------------  T H R E A D  ---------------

Current thread (0x00000286d32b9800):  JavaThread "C2 CompilerThread0" daemon [_thread_in_native, id=29600, stack(0x0000009cecb00000,0x0000009cecc00000)]


Current CompileTask:
C2:   4005 1640       4       java.io.DataInputStream::readUTF (501 bytes)

Stack: [0x0000009cecb00000,0x0000009cecc00000]
Native frames: (J=compiled Java code, j=interpreted, Vv=VM code, C=native code)
V  [jvm.dll+0x629d8a]
V  [jvm.dll+0x7638ff]
V  [jvm.dll+0x764fa9]
V  [jvm.dll+0x765633]
V  [jvm.dll+0x23d9c8]
V  [jvm.dll+0xb2a1c]
V  [jvm.dll+0xb2fdc]
V  [jvm.dll+0x341002]
V  [jvm.dll+0x30e9b3]
V  [jvm.dll+0x30dcfa]
V  [jvm.dll+0x1f8565]
V  [jvm.dll+0x1f774d]
V  [jvm.dll+0x177c51]
V  [jvm.dll+0x207026]
V  [jvm.dll+0x2051bb]
V  [jvm.dll+0x729820]
V  [jvm.dll+0x7223f4]
V  [jvm.dll+0x628c26]
C  [ucrtbase.dll+0x21bb2]
C  [KERNEL32.DLL+0x17034]
C  [ntdll.dll+0x526a1]


---------------  P R O C E S S  ---------------

Threads class SMR info:
_java_thread_list=0x00000286d539fa20, length=19, elements={
0x00000286b5b99000, 0x00000286d32a0800, 0x00000286d3298800, 0x00000286d3c22800,
0x00000286d32a6000, 0x00000286d32a8000, 0x00000286d32b9800, 0x00000286d32bb800,
0x00000286d32bd000, 0x00000286d3d69000, 0x00000286d403b800, 0x00000286d4498800,
0x00000286d471d000, 0x00000286d46f3800, 0x00000286d473f000, 0x00000286d4655800,
0x00000286d533d800, 0x00000286d5330000, 0x00000286d4640000
}

Java Threads: ( => current thread )
  0x00000286b5b99000 JavaThread "Forwarding newSession on session null to remote" [_thread_in_Java, id=27980, stack(0x0000009cebf00000,0x0000009cec000000)]
  0x00000286d32a0800 JavaThread "Reference Handler" daemon [_thread_blocked, id=28432, stack(0x0000009cec600000,0x0000009cec700000)]
  0x00000286d3298800 JavaThread "Finalizer" daemon [_thread_blocked, id=29064, stack(0x0000009cec700000,0x0000009cec800000)]
  0x00000286d3c22800 JavaThread "Signal Dispatcher" daemon [_thread_blocked, id=11244, stack(0x0000009cec800000,0x0000009cec900000)]
  0x00000286d32a6000 JavaThread "Attach Listener" daemon [_thread_blocked, id=29584, stack(0x0000009cec900000,0x0000009ceca00000)]
  0x00000286d32a8000 JavaThread "Service Thread" daemon [_thread_blocked, id=19828, stack(0x0000009ceca00000,0x0000009cecb00000)]
=>0x00000286d32b9800 JavaThread "C2 CompilerThread0" daemon [_thread_in_native, id=29600, stack(0x0000009cecb00000,0x0000009cecc00000)]
  0x00000286d32bb800 JavaThread "C1 CompilerThread0" daemon [_thread_blocked, id=28560, stack(0x0000009cecc00000,0x0000009cecd00000)]
  0x00000286d32bd000 JavaThread "Sweeper thread" daemon [_thread_blocked, id=21620, stack(0x0000009cecd00000,0x0000009cece00000)]
  0x00000286d3d69000 JavaThread "Common-Cleaner" daemon [_thread_blocked, id=26916, stack(0x0000009cecf00000,0x0000009ced000000)]
  0x00000286d403b800 JavaThread "ReaderThread" [_thread_in_native, id=30176, stack(0x0000009ced100000,0x0000009ced200000)]
  0x00000286d4498800 JavaThread "Exec Default Executor" daemon [_thread_in_native, id=11076, stack(0x0000009ced600000,0x0000009ced700000)]
  0x00000286d471d000 JavaThread "UrlChecker-2" daemon [_thread_blocked, id=28084, stack(0x0000009ced700000,0x0000009ced800000)]
  0x00000286d46f3800 JavaThread "Exec Stream Pumper" daemon [_thread_in_native, id=19808, stack(0x0000009ced800000,0x0000009ced900000)]
  0x00000286d473f000 JavaThread "Exec Stream Pumper" daemon [_thread_in_native, id=29372, stack(0x0000009ced900000,0x0000009ceda00000)]
  0x00000286d4655800 JavaThread "Keep-Alive-Timer" daemon [_thread_blocked, id=29432, stack(0x0000009ced500000,0x0000009ced600000)]
  0x00000286d533d800 JavaThread "OkHttp ConnectionPool" daemon [_thread_blocked, id=24276, stack(0x0000009ceda00000,0x0000009cedb00000)]
  0x00000286d5330000 JavaThread "Okio Watchdog" daemon [_thread_blocked, id=12108, stack(0x0000009cedb00000,0x0000009cedc00000)]
  0x00000286d4640000 JavaThread "C2 CompilerThread1" daemon [_thread_in_native, id=18284, stack(0x0000009cedc00000,0x0000009cedd00000)]

Other Threads:
  0x00000286d326b000 VMThread "VM Thread" [stack: 0x0000009cec500000,0x0000009cec600000] [id=22264]
  0x00000286d3d62000 WatcherThread [stack: 0x0000009cece00000,0x0000009cecf00000] [id=30208]
  0x00000286b5baf000 GCTaskThread "GC Thread#0" [stack: 0x0000009cec000000,0x0000009cec100000] [id=23376]
  0x00000286d45a0800 GCTaskThread "GC Thread#1" [stack: 0x0000009ced200000,0x0000009ced300000] [id=25512]
  0x00000286d4314000 GCTaskThread "GC Thread#2" [stack: 0x0000009ced300000,0x0000009ced400000] [id=30104]
  0x00000286d45e3800 GCTaskThread "GC Thread#3" [stack: 0x0000009ced400000,0x0000009ced500000] [id=13752]
  0x00000286b5be0800 ConcurrentGCThread "G1 Main Marker" [stack: 0x0000009cec100000,0x0000009cec200000] [id=23876]
  0x00000286b5be2800 ConcurrentGCThread "G1 Conc#0" [stack: 0x0000009cec200000,0x0000009cec300000] [id=26136]
  0x00000286b5c73800 ConcurrentGCThread "G1 Refine#0" [stack: 0x0000009cec300000,0x0000009cec400000] [id=30716]
  0x00000286b5c76000 ConcurrentGCThread "G1 Young RemSet Sampling" [stack: 0x0000009cec400000,0x0000009cec500000] [id=26180]

Threads with active compile tasks:
C2 CompilerThread0   4091 1640       4       java.io.DataInputStream::readUTF (501 bytes)
C2 CompilerThread1   4091 1705 % !   4       java.util.concurrent.ConcurrentHashMap::transfer @ 96 (828 bytes)

VM state:not at safepoint (normal execution)

VM Mutex/Monitor currently owned by a thread: None

Heap address: 0x0000000081600000, size: 2026 MB, Compressed Oops mode: 32-bit
Narrow klass base: 0x0000000000000000, Narrow klass shift: 3
Compressed class space size: 1073741824 Address: 0x0000000100000000

Heap:
 garbage-first heap   total 131072K, used 6911K [0x0000000081600000, 0x0000000100000000)
  region size 1024K, 7 young (7168K), 5 survivors (5120K)
 Metaspace       used 21670K, capacity 22237K, committed 22400K, reserved 1071104K
  class space    used 2384K, capacity 2605K, committed 2688K, reserved 1048576K
Heap Regions: E=young(eden), S=young(survivor), O=old, HS=humongous(starts), HC=humongous(continues), CS=collection set, F=free, A=archive, TAMS=top-at-mark-start (previous, next)
|   0|0x0000000081600000, 0x0000000081700000, 0x0000000081700000|100%|HS|  |TAMS 0x0000000081700000, 0x0000000081600000| Complete 
|   1|0x0000000081700000, 0x000000008171f400, 0x0000000081800000| 12%| O|  |TAMS 0x000000008171f400, 0x0000000081700000| Untracked 
|   2|0x0000000081800000, 0x0000000081800000, 0x0000000081900000|  0%| F|  |TAMS 0x0000000081800000, 0x0000000081800000| Untracked 
|   3|0x0000000081900000, 0x0000000081900000, 0x0000000081a00000|  0%| F|  |TAMS 0x0000000081900000, 0x0000000081900000| Untracked 
|   4|0x0000000081a00000, 0x0000000081a00000, 0x0000000081b00000|  0%| F|  |TAMS 0x0000000081a00000, 0x0000000081a00000| Untracked 
|   5|0x0000000081b00000, 0x0000000081b00000, 0x0000000081c00000|  0%| F|  |TAMS 0x0000000081b00000, 0x0000000081b00000| Untracked 
|   6|0x0000000081c00000, 0x0000000081c00000, 0x0000000081d00000|  0%| F|  |TAMS 0x0000000081c00000, 0x0000000081c00000| Untracked 
|   7|0x0000000081d00000, 0x0000000081d00000, 0x0000000081e00000|  0%| F|  |TAMS 0x0000000081d00000, 0x0000000081d00000| Untracked 
|   8|0x0000000081e00000, 0x0000000081e00000, 0x0000000081f00000|  0%| F|  |TAMS 0x0000000081e00000, 0x0000000081e00000| Untracked 
|   9|0x0000000081f00000, 0x0000000081f00000, 0x0000000082000000|  0%| F|  |TAMS 0x0000000081f00000, 0x0000000081f00000| Untracked 
|  10|0x0000000082000000, 0x0000000082000000, 0x0000000082100000|  0%| F|  |TAMS 0x0000000082000000, 0x0000000082000000| Untracked 
|  11|0x0000000082100000, 0x0000000082100000, 0x0000000082200000|  0%| F|  |TAMS 0x0000000082100000, 0x0000000082100000| Untracked 
|  12|0x0000000082200000, 0x0000000082200000, 0x0000000082300000|  0%| F|  |TAMS 0x0000000082200000, 0x0000000082200000| Untracked 
|  13|0x0000000082300000, 0x0000000082300000, 0x0000000082400000|  0%| F|  |TAMS 0x0000000082300000, 0x0000000082300000| Untracked 
|  14|0x0000000082400000, 0x0000000082400000, 0x0000000082500000|  0%| F|  |TAMS 0x0000000082400000, 0x0000000082400000| Untracked 
|  15|0x0000000082500000, 0x0000000082500000, 0x0000000082600000|  0%| F|  |TAMS 0x0000000082500000, 0x0000000082500000| Untracked 
|  16|0x0000000082600000, 0x0000000082600000, 0x0000000082700000|  0%| F|  |TAMS 0x0000000082600000, 0x0000000082600000| Untracked 
|  17|0x0000000082700000, 0x0000000082700000, 0x0000000082800000|  0%| F|  |TAMS 0x0000000082700000, 0x0000000082700000| Untracked 
|  18|0x0000000082800000, 0x0000000082800000, 0x0000000082900000|  0%| F|  |TAMS 0x0000000082800000, 0x0000000082800000| Untracked 
|  19|0x0000000082900000, 0x0000000082900000, 0x0000000082a00000|  0%| F|  |TAMS 0x0000000082900000, 0x0000000082900000| Untracked 
|  20|0x0000000082a00000, 0x0000000082a00000, 0x0000000082b00000|  0%| F|  |TAMS 0x0000000082a00000, 0x0000000082a00000| Untracked 
|  21|0x0000000082b00000, 0x0000000082b00000, 0x0000000082c00000|  0%| F|  |TAMS 0x0000000082b00000, 0x0000000082b00000| Untracked 
|  22|0x0000000082c00000, 0x0000000082c00000, 0x0000000082d00000|  0%| F|  |TAMS 0x0000000082c00000, 0x0000000082c00000| Untracked 
|  23|0x0000000082d00000, 0x0000000082d00000, 0x0000000082e00000|  0%| F|  |TAMS 0x0000000082d00000, 0x0000000082d00000| Untracked 
|  24|0x0000000082e00000, 0x0000000082e00000, 0x0000000082f00000|  0%| F|  |TAMS 0x0000000082e00000, 0x0000000082e00000| Untracked 
|  25|0x0000000082f00000, 0x0000000082f00000, 0x0000000083000000|  0%| F|  |TAMS 0x0000000082f00000, 0x0000000082f00000| Untracked 
|  26|0x0000000083000000, 0x0000000083000000, 0x0000000083100000|  0%| F|  |TAMS 0x0000000083000000, 0x0000000083000000| Untracked 
|  27|0x0000000083100000, 0x0000000083100000, 0x0000000083200000|  0%| F|  |TAMS 0x0000000083100000, 0x0000000083100000| Untracked 
|  28|0x0000000083200000, 0x0000000083200000, 0x0000000083300000|  0%| F|  |TAMS 0x0000000083200000, 0x0000000083200000| Untracked 
|  29|0x0000000083300000, 0x0000000083300000, 0x0000000083400000|  0%| F|  |TAMS 0x0000000083300000, 0x0000000083300000| Untracked 
|  30|0x0000000083400000, 0x0000000083400000, 0x0000000083500000|  0%| F|  |TAMS 0x0000000083400000, 0x0000000083400000| Untracked 
|  31|0x0000000083500000, 0x0000000083500000, 0x0000000083600000|  0%| F|  |TAMS 0x0000000083500000, 0x0000000083500000| Untracked 
|  32|0x0000000083600000, 0x0000000083600000, 0x0000000083700000|  0%| F|  |TAMS 0x0000000083600000, 0x0000000083600000| Untracked 
|  33|0x0000000083700000, 0x0000000083700000, 0x0000000083800000|  0%| F|  |TAMS 0x0000000083700000, 0x0000000083700000| Untracked 
|  34|0x0000000083800000, 0x0000000083800000, 0x0000000083900000|  0%| F|  |TAMS 0x0000000083800000, 0x0000000083800000| Untracked 
|  35|0x0000000083900000, 0x0000000083900000, 0x0000000083a00000|  0%| F|  |TAMS 0x0000000083900000, 0x0000000083900000| Untracked 
|  36|0x0000000083a00000, 0x0000000083a00000, 0x0000000083b00000|  0%| F|  |TAMS 0x0000000083a00000, 0x0000000083a00000| Untracked 
|  37|0x0000000083b00000, 0x0000000083b00000, 0x0000000083c00000|  0%| F|  |TAMS 0x0000000083b00000, 0x0000000083b00000| Untracked 
|  38|0x0000000083c00000, 0x0000000083c00000, 0x0000000083d00000|  0%| F|  |TAMS 0x0000000083c00000, 0x0000000083c00000| Untracked 
|  39|0x0000000083d00000, 0x0000000083d00000, 0x0000000083e00000|  0%| F|  |TAMS 0x0000000083d00000, 0x0000000083d00000| Untracked 
|  40|0x0000000083e00000, 0x0000000083e00000, 0x0000000083f00000|  0%| F|  |TAMS 0x0000000083e00000, 0x0000000083e00000| Untracked 
|  41|0x0000000083f00000, 0x0000000083f00000, 0x0000000084000000|  0%| F|  |TAMS 0x0000000083f00000, 0x0000000083f00000| Untracked 
|  42|0x0000000084000000, 0x0000000084000000, 0x0000000084100000|  0%| F|  |TAMS 0x0000000084000000, 0x0000000084000000| Untracked 
|  43|0x0000000084100000, 0x0000000084100000, 0x0000000084200000|  0%| F|  |TAMS 0x0000000084100000, 0x0000000084100000| Untracked 
|  44|0x0000000084200000, 0x0000000084200000, 0x0000000084300000|  0%| F|  |TAMS 0x0000000084200000, 0x0000000084200000| Untracked 
|  45|0x0000000084300000, 0x0000000084300000, 0x0000000084400000|  0%| F|  |TAMS 0x0000000084300000, 0x0000000084300000| Untracked 
|  46|0x0000000084400000, 0x0000000084400000, 0x0000000084500000|  0%| F|  |TAMS 0x0000000084400000, 0x0000000084400000| Untracked 
|  47|0x0000000084500000, 0x0000000084500000, 0x0000000084600000|  0%| F|  |TAMS 0x0000000084500000, 0x0000000084500000| Untracked 
|  48|0x0000000084600000, 0x0000000084600000, 0x0000000084700000|  0%| F|  |TAMS 0x0000000084600000, 0x0000000084600000| Untracked 
|  49|0x0000000084700000, 0x0000000084700000, 0x0000000084800000|  0%| F|  |TAMS 0x0000000084700000, 0x0000000084700000| Untracked 
|  50|0x0000000084800000, 0x0000000084800000, 0x0000000084900000|  0%| F|  |TAMS 0x0000000084800000, 0x0000000084800000| Untracked 
|  51|0x0000000084900000, 0x0000000084900000, 0x0000000084a00000|  0%| F|  |TAMS 0x0000000084900000, 0x0000000084900000| Untracked 
|  52|0x0000000084a00000, 0x0000000084a00000, 0x0000000084b00000|  0%| F|  |TAMS 0x0000000084a00000, 0x0000000084a00000| Untracked 
|  53|0x0000000084b00000, 0x0000000084b00000, 0x0000000084c00000|  0%| F|  |TAMS 0x0000000084b00000, 0x0000000084b00000| Untracked 
|  54|0x0000000084c00000, 0x0000000084c00000, 0x0000000084d00000|  0%| F|  |TAMS 0x0000000084c00000, 0x0000000084c00000| Untracked 
|  55|0x0000000084d00000, 0x0000000084d00000, 0x0000000084e00000|  0%| F|  |TAMS 0x0000000084d00000, 0x0000000084d00000| Untracked 
|  56|0x0000000084e00000, 0x0000000084e00000, 0x0000000084f00000|  0%| F|  |TAMS 0x0000000084e00000, 0x0000000084e00000| Untracked 
|  57|0x0000000084f00000, 0x0000000084f00000, 0x0000000085000000|  0%| F|  |TAMS 0x0000000084f00000, 0x0000000084f00000| Untracked 
|  58|0x0000000085000000, 0x0000000085000000, 0x0000000085100000|  0%| F|  |TAMS 0x0000000085000000, 0x0000000085000000| Untracked 
|  59|0x0000000085100000, 0x0000000085100000, 0x0000000085200000|  0%| F|  |TAMS 0x0000000085100000, 0x0000000085100000| Untracked 
|  60|0x0000000085200000, 0x0000000085200000, 0x0000000085300000|  0%| F|  |TAMS 0x0000000085200000, 0x0000000085200000| Untracked 
|  61|0x0000000085300000, 0x0000000085300000, 0x0000000085400000|  0%| F|  |TAMS 0x0000000085300000, 0x0000000085300000| Untracked 
|  62|0x0000000085400000, 0x0000000085400000, 0x0000000085500000|  0%| F|  |TAMS 0x0000000085400000, 0x0000000085400000| Untracked 
|  63|0x0000000085500000, 0x0000000085500000, 0x0000000085600000|  0%| F|  |TAMS 0x0000000085500000, 0x0000000085500000| Untracked 
|  64|0x0000000085600000, 0x0000000085600000, 0x0000000085700000|  0%| F|  |TAMS 0x0000000085600000, 0x0000000085600000| Untracked 
|  65|0x0000000085700000, 0x0000000085700000, 0x0000000085800000|  0%| F|  |TAMS 0x0000000085700000, 0x0000000085700000| Untracked 
|  66|0x0000000085800000, 0x0000000085800000, 0x0000000085900000|  0%| F|  |TAMS 0x0000000085800000, 0x0000000085800000| Untracked 
|  67|0x0000000085900000, 0x0000000085900000, 0x0000000085a00000|  0%| F|  |TAMS 0x0000000085900000, 0x0000000085900000| Untracked 
|  68|0x0000000085a00000, 0x0000000085a00000, 0x0000000085b00000|  0%| F|  |TAMS 0x0000000085a00000, 0x0000000085a00000| Untracked 
|  69|0x0000000085b00000, 0x0000000085b00000, 0x0000000085c00000|  0%| F|  |TAMS 0x0000000085b00000, 0x0000000085b00000| Untracked 
|  70|0x0000000085c00000, 0x0000000085c00000, 0x0000000085d00000|  0%| F|  |TAMS 0x0000000085c00000, 0x0000000085c00000| Untracked 
|  71|0x0000000085d00000, 0x0000000085d00000, 0x0000000085e00000|  0%| F|  |TAMS 0x0000000085d00000, 0x0000000085d00000| Untracked 
|  72|0x0000000085e00000, 0x0000000085e00000, 0x0000000085f00000|  0%| F|  |TAMS 0x0000000085e00000, 0x0000000085e00000| Untracked 
|  73|0x0000000085f00000, 0x0000000085f00000, 0x0000000086000000|  0%| F|  |TAMS 0x0000000085f00000, 0x0000000085f00000| Untracked 
|  74|0x0000000086000000, 0x0000000086000000, 0x0000000086100000|  0%| F|  |TAMS 0x0000000086000000, 0x0000000086000000| Untracked 
|  75|0x0000000086100000, 0x0000000086100000, 0x0000000086200000|  0%| F|  |TAMS 0x0000000086100000, 0x0000000086100000| Untracked 
|  76|0x0000000086200000, 0x0000000086200000, 0x0000000086300000|  0%| F|  |TAMS 0x0000000086200000, 0x0000000086200000| Untracked 
|  77|0x0000000086300000, 0x0000000086300000, 0x0000000086400000|  0%| F|  |TAMS 0x0000000086300000, 0x0000000086300000| Untracked 
|  78|0x0000000086400000, 0x0000000086400000, 0x0000000086500000|  0%| F|  |TAMS 0x0000000086400000, 0x0000000086400000| Untracked 
|  79|0x0000000086500000, 0x0000000086500000, 0x0000000086600000|  0%| F|  |TAMS 0x0000000086500000, 0x0000000086500000| Untracked 
|  80|0x0000000086600000, 0x0000000086600000, 0x0000000086700000|  0%| F|  |TAMS 0x0000000086600000, 0x0000000086600000| Untracked 
|  81|0x0000000086700000, 0x0000000086700000, 0x0000000086800000|  0%| F|  |TAMS 0x0000000086700000, 0x0000000086700000| Untracked 
|  82|0x0000000086800000, 0x0000000086800000, 0x0000000086900000|  0%| F|  |TAMS 0x0000000086800000, 0x0000000086800000| Untracked 
|  83|0x0000000086900000, 0x0000000086900000, 0x0000000086a00000|  0%| F|  |TAMS 0x0000000086900000, 0x0000000086900000| Untracked 
|  84|0x0000000086a00000, 0x0000000086a00000, 0x0000000086b00000|  0%| F|  |TAMS 0x0000000086a00000, 0x0000000086a00000| Untracked 
|  85|0x0000000086b00000, 0x0000000086b00000, 0x0000000086c00000|  0%| F|  |TAMS 0x0000000086b00000, 0x0000000086b00000| Untracked 
|  86|0x0000000086c00000, 0x0000000086c00000, 0x0000000086d00000|  0%| F|  |TAMS 0x0000000086c00000, 0x0000000086c00000| Untracked 
|  87|0x0000000086d00000, 0x0000000086d00000, 0x0000000086e00000|  0%| F|  |TAMS 0x0000000086d00000, 0x0000000086d00000| Untracked 
|  88|0x0000000086e00000, 0x0000000086e00000, 0x0000000086f00000|  0%| F|  |TAMS 0x0000000086e00000, 0x0000000086e00000| Untracked 
|  89|0x0000000086f00000, 0x0000000086f00000, 0x0000000087000000|  0%| F|  |TAMS 0x0000000086f00000, 0x0000000086f00000| Untracked 
|  90|0x0000000087000000, 0x0000000087000000, 0x0000000087100000|  0%| F|  |TAMS 0x0000000087000000, 0x0000000087000000| Untracked 
|  91|0x0000000087100000, 0x0000000087100000, 0x0000000087200000|  0%| F|  |TAMS 0x0000000087100000, 0x0000000087100000| Untracked 
|  92|0x0000000087200000, 0x0000000087200000, 0x0000000087300000|  0%| F|  |TAMS 0x0000000087200000, 0x0000000087200000| Untracked 
|  93|0x0000000087300000, 0x0000000087300000, 0x0000000087400000|  0%| F|  |TAMS 0x0000000087300000, 0x0000000087300000| Untracked 
|  94|0x0000000087400000, 0x0000000087400000, 0x0000000087500000|  0%| F|  |TAMS 0x0000000087400000, 0x0000000087400000| Untracked 
|  95|0x0000000087500000, 0x0000000087500000, 0x0000000087600000|  0%| F|  |TAMS 0x0000000087500000, 0x0000000087500000| Untracked 
|  96|0x0000000087600000, 0x0000000087600000, 0x0000000087700000|  0%| F|  |TAMS 0x0000000087600000, 0x0000000087600000| Untracked 
|  97|0x0000000087700000, 0x00000000877a09c0, 0x0000000087800000| 62%| S|CS|TAMS 0x0000000087700000, 0x0000000087700000| Complete 
|  98|0x0000000087800000, 0x0000000087900000, 0x0000000087900000|100%| S|CS|TAMS 0x0000000087800000, 0x0000000087800000| Complete 
|  99|0x0000000087900000, 0x0000000087a00000, 0x0000000087a00000|100%| S|CS|TAMS 0x0000000087900000, 0x0000000087900000| Complete 
| 100|0x0000000087a00000, 0x0000000087b00000, 0x0000000087b00000|100%| S|CS|TAMS 0x0000000087a00000, 0x0000000087a00000| Complete 
| 101|0x0000000087b00000, 0x0000000087c00000, 0x0000000087c00000|100%| S|CS|TAMS 0x0000000087b00000, 0x0000000087b00000| Complete 
| 102|0x0000000087c00000, 0x0000000087c00000, 0x0000000087d00000|  0%| F|  |TAMS 0x0000000087c00000, 0x0000000087c00000| Untracked 
| 103|0x0000000087d00000, 0x0000000087d00000, 0x0000000087e00000|  0%| F|  |TAMS 0x0000000087d00000, 0x0000000087d00000| Untracked 
| 104|0x0000000087e00000, 0x0000000087e00000, 0x0000000087f00000|  0%| F|  |TAMS 0x0000000087e00000, 0x0000000087e00000| Untracked 
| 105|0x0000000087f00000, 0x0000000087f00000, 0x0000000088000000|  0%| F|  |TAMS 0x0000000087f00000, 0x0000000087f00000| Untracked 
| 106|0x0000000088000000, 0x0000000088000000, 0x0000000088100000|  0%| F|  |TAMS 0x0000000088000000, 0x0000000088000000| Untracked 
| 107|0x0000000088100000, 0x0000000088100000, 0x0000000088200000|  0%| F|  |TAMS 0x0000000088100000, 0x0000000088100000| Untracked 
| 108|0x0000000088200000, 0x0000000088200000, 0x0000000088300000|  0%| F|  |TAMS 0x0000000088200000, 0x0000000088200000| Untracked 
| 109|0x0000000088300000, 0x0000000088300000, 0x0000000088400000|  0%| F|  |TAMS 0x0000000088300000, 0x0000000088300000| Untracked 
| 110|0x0000000088400000, 0x0000000088400000, 0x0000000088500000|  0%| F|  |TAMS 0x0000000088400000, 0x0000000088400000| Untracked 
| 111|0x0000000088500000, 0x0000000088500000, 0x0000000088600000|  0%| F|  |TAMS 0x0000000088500000, 0x0000000088500000| Untracked 
| 112|0x0000000088600000, 0x0000000088600000, 0x0000000088700000|  0%| F|  |TAMS 0x0000000088600000, 0x0000000088600000| Untracked 
| 113|0x0000000088700000, 0x0000000088700000, 0x0000000088800000|  0%| F|  |TAMS 0x0000000088700000, 0x0000000088700000| Untracked 
| 114|0x0000000088800000, 0x0000000088800000, 0x0000000088900000|  0%| F|  |TAMS 0x0000000088800000, 0x0000000088800000| Untracked 
| 115|0x0000000088900000, 0x0000000088900000, 0x0000000088a00000|  0%| F|  |TAMS 0x0000000088900000, 0x0000000088900000| Untracked 
| 116|0x0000000088a00000, 0x0000000088a00000, 0x0000000088b00000|  0%| F|  |TAMS 0x0000000088a00000, 0x0000000088a00000| Untracked 
| 117|0x0000000088b00000, 0x0000000088b00000, 0x0000000088c00000|  0%| F|  |TAMS 0x0000000088b00000, 0x0000000088b00000| Untracked 
| 118|0x0000000088c00000, 0x0000000088c00000, 0x0000000088d00000|  0%| F|  |TAMS 0x0000000088c00000, 0x0000000088c00000| Untracked 
| 119|0x0000000088d00000, 0x0000000088d00000, 0x0000000088e00000|  0%| F|  |TAMS 0x0000000088d00000, 0x0000000088d00000| Untracked 
| 120|0x0000000088e00000, 0x0000000088e00000, 0x0000000088f00000|  0%| F|  |TAMS 0x0000000088e00000, 0x0000000088e00000| Untracked 
| 121|0x0000000088f00000, 0x0000000088f00000, 0x0000000089000000|  0%| F|  |TAMS 0x0000000088f00000, 0x0000000088f00000| Untracked 
| 122|0x0000000089000000, 0x0000000089000000, 0x0000000089100000|  0%| F|  |TAMS 0x0000000089000000, 0x0000000089000000| Untracked 
| 123|0x0000000089100000, 0x0000000089100000, 0x0000000089200000|  0%| F|  |TAMS 0x0000000089100000, 0x0000000089100000| Untracked 
| 124|0x0000000089200000, 0x0000000089200000, 0x0000000089300000|  0%| F|  |TAMS 0x0000000089200000, 0x0000000089200000| Untracked 
| 125|0x0000000089300000, 0x0000000089300000, 0x0000000089400000|  0%| F|  |TAMS 0x0000000089300000, 0x0000000089300000| Untracked 
| 126|0x0000000089400000, 0x0000000089500000, 0x0000000089500000|100%| E|  |TAMS 0x0000000089400000, 0x0000000089400000| Complete 
| 127|0x0000000089500000, 0x0000000089600000, 0x0000000089600000|100%| E|CS|TAMS 0x0000000089500000, 0x0000000089500000| Complete 

Card table byte_map: [0x00000286cc650000,0x00000286cca50000] _byte_map_base: 0x00000286cc245000

Marking Bits (Prev, Next): (CMBitMap*) 0x00000286b5bd7880, (CMBitMap*) 0x00000286b5bd7848
 Prev Bits: [0x00000286cee00000, 0x00000286d0da8000)
 Next Bits: [0x00000286cce50000, 0x00000286cedf8000)

Polling page: 0x00000286b3b20000

Metaspace:

Usage:
  Non-class:     19.17 MB capacity,    18.86 MB ( 98%) used,   268.93 KB (  1%) free+waste,    54.38 KB ( <1%) overhead. 
      Class:      2.54 MB capacity,     2.33 MB ( 92%) used,   188.32 KB (  7%) free+waste,    27.69 KB (  1%) overhead. 
       Both:     21.72 MB capacity,    21.19 MB ( 98%) used,   457.25 KB (  2%) free+waste,    82.06 KB ( <1%) overhead. 

Virtual space:
  Non-class space:       22.00 MB reserved,      19.25 MB ( 88%) committed 
      Class space:        1.00 GB reserved,       2.63 MB ( <1%) committed 
             Both:        1.02 GB reserved,      21.88 MB (  2%) committed 

Chunk freelists:
   Non-Class:  2.00 KB
       Class:  2.38 KB
        Both:  4.38 KB

CodeHeap 'non-profiled nmethods': size=120064Kb used=504Kb max_used=504Kb free=119559Kb
 bounds [0x00000286c4d10000, 0x00000286c4f80000, 0x00000286cc250000]
CodeHeap 'profiled nmethods': size=120000Kb used=3234Kb max_used=3234Kb free=116765Kb
 bounds [0x00000286bd7e0000, 0x00000286bdb10000, 0x00000286c4d10000]
CodeHeap 'non-nmethods': size=5696Kb used=1149Kb max_used=1161Kb free=4546Kb
 bounds [0x00000286bd250000, 0x00000286bd4c0000, 0x00000286bd7e0000]
 total_blobs=2204 nmethods=1714 adapters=402
 compilation: enabled
              stopped_count=0, restarted_count=0
 full_count=0

Compilation events (10 events):
Event: 3.991 Thread 0x00000286d4640000 nmethod 1646 0x00000286c4d8a690 code [0x00000286c4d8a800, 0x00000286c4d8a918]
Event: 3.991 Thread 0x00000286d4640000 1650       4       jdk.internal.org.objectweb.asm.ByteVector::put12 (64 bytes)
Event: 3.992 Thread 0x00000286d32bb800 1651       3       java.lang.invoke.InvokerBytecodeGenerator::storeInsnOpcode (86 bytes)
Event: 3.993 Thread 0x00000286d32bb800 nmethod 1651 0x00000286bdaecd10 code [0x00000286bdaecf80, 0x00000286bdaeda78]
Event: 3.993 Thread 0x00000286d32bb800 1652       3       java.lang.invoke.LambdaForm::useCount (90 bytes)
Event: 3.994 Thread 0x00000286d32bb800 nmethod 1652 0x00000286bdaede10 code [0x00000286bdaedfe0, 0x00000286bdaee378]
Event: 3.994 Thread 0x00000286d32bb800 1653       3       java.lang.invoke.LambdaFormBuffer::changeName (149 bytes)
Event: 3.996 Thread 0x00000286d32bb800 nmethod 1653 0x00000286bdaee590 code [0x00000286bdaee760, 0x00000286bdaeec88]
Event: 3.996 Thread 0x00000286d32bb800 1654       3       java.lang.invoke.LambdaFormBuffer::indexOf (33 bytes)
Event: 3.996 Thread 0x00000286d32bb800 nmethod 1654 0x00000286bdaeee10 code [0x00000286bdaeefe0, 0x00000286bdaef378]

GC Heap History (4 events):
Event: 1.233 GC heap before
{Heap before GC invocations=0 (full 0):
 garbage-first heap   total 131072K, used 15360K [0x0000000081600000, 0x0000000100000000)
  region size 1024K, 14 young (14336K), 0 survivors (0K)
 Metaspace       used 13347K, capacity 13639K, committed 13824K, reserved 1060864K
  class space    used 1348K, capacity 1420K, committed 1536K, reserved 1048576K
}
Event: 1.240 GC heap after
{Heap after GC invocations=1 (full 0):
 garbage-first heap   total 131072K, used 3197K [0x0000000081600000, 0x0000000100000000)
  region size 1024K, 2 young (2048K), 2 survivors (2048K)
 Metaspace       used 13347K, capacity 13639K, committed 13824K, reserved 1060864K
  class space    used 1348K, capacity 1420K, committed 1536K, reserved 1048576K
}
Event: 3.939 GC heap before
{Heap before GC invocations=1 (full 0):
 garbage-first heap   total 131072K, used 26749K [0x0000000081600000, 0x0000000100000000)
  region size 1024K, 26 young (26624K), 2 survivors (2048K)
 Metaspace       used 20710K, capacity 21167K, committed 21248K, reserved 1069056K
  class space    used 2280K, capacity 2482K, committed 2560K, reserved 1048576K
}
Event: 3.948 GC heap after
{Heap after GC invocations=2 (full 0):
 garbage-first heap   total 131072K, used 5887K [0x0000000081600000, 0x0000000100000000)
  region size 1024K, 5 young (5120K), 5 survivors (5120K)
 Metaspace       used 20710K, capacity 21167K, committed 21248K, reserved 1069056K
  class space    used 2280K, capacity 2482K, committed 2560K, reserved 1048576K
}

Deoptimization events (10 events):
Event: 1.364 Thread 0x00000286b5b99000 Uncommon trap: reason=class_check action=maybe_recompile pc=0x00000286c4d4be48 method=java.util.HashMap.putVal(ILjava/lang/Object;Ljava/lang/Object;ZZ)Ljava/lang/Object; @ 203 c2
Event: 1.557 Thread 0x00000286b5b99000 Uncommon trap: reason=unstable_if action=reinterpret pc=0x00000286c4d60618 method=java.io.ByteArrayInputStream.read([BII)I @ 35 c2
Event: 1.561 Thread 0x00000286b5b99000 Uncommon trap: reason=unstable_if action=reinterpret pc=0x00000286c4d49608 method=java.lang.StringUTF16.compress([CI[BII)I @ 20 c2
Event: 1.631 Thread 0x00000286d471d000 Uncommon trap: reason=unstable_if action=reinterpret pc=0x00000286c4d57848 method=java.lang.CharacterDataLatin1.digit(II)I @ 12 c2
Event: 2.158 Thread 0x00000286d471d000 Uncommon trap: reason=unstable_if action=reinterpret pc=0x00000286c4d55ec4 method=java.lang.CharacterDataLatin1.digit(II)I @ 12 c2
Event: 3.919 Thread 0x00000286b5b99000 Uncommon trap: reason=class_check action=maybe_recompile pc=0x00000286c4d82898 method=org.openqa.selenium.json.Input.init()V @ 18 c2
Event: 3.919 Thread 0x00000286b5b99000 Uncommon trap: reason=class_check action=maybe_recompile pc=0x00000286c4d82898 method=org.openqa.selenium.json.Input.init()V @ 18 c2
Event: 3.919 Thread 0x00000286b5b99000 Uncommon trap: reason=class_check action=maybe_recompile pc=0x00000286c4d82898 method=org.openqa.selenium.json.Input.init()V @ 18 c2
Event: 3.919 Thread 0x00000286b5b99000 Uncommon trap: reason=class_check action=maybe_recompile pc=0x00000286c4d82898 method=org.openqa.selenium.json.Input.init()V @ 18 c2
Event: 3.967 Thread 0x00000286b5b99000 Uncommon trap: reason=unstable_if action=reinterpret pc=0x00000286c4d78df4 method=java.util.concurrent.ConcurrentHashMap.putVal(Ljava/lang/Object;Ljava/lang/Object;Z)Ljava/lang/Object; @ 256 c2

Classes redefined (0 events):
No events

Internal exceptions (10 events):
Event: 2.201 Thread 0x00000286b5b99000 Exception <a 'java/lang/NoSuchMethodError'{0x0000000088515058}: java.lang.invoke.DirectMethodHandle$Holder.invokeSpecialIFC(Ljava/lang/Object;Ljava/lang/Object;Ljava/lang/Object;Ljava/lang/Object;)I> (0x0000000088515058) thrown at [./open/src/hotspot/shar
Event: 2.203 Thread 0x00000286b5b99000 Exception <a 'java/lang/NoSuchMethodError'{0x000000008851d1d0}: java.lang.invoke.DirectMethodHandle$Holder.invokeInterface(Ljava/lang/Object;Ljava/lang/Object;Ljava/lang/Object;Ljava/lang/Object;)Ljava/lang/Object;> (0x000000008851d1d0) thrown at [./open/
Event: 2.212 Thread 0x00000286b5b99000 Exception <a 'java/lang/NoSuchMethodError'{0x00000000885428d8}: java.lang.invoke.DirectMethodHandle$Holder.invokeVirtual(Ljava/lang/Object;Ljava/lang/Object;Ljava/lang/Object;)Ljava/lang/Object;> (0x00000000885428d8) thrown at [./open/src/hotspot/share/in
Event: 2.237 Thread 0x00000286b5b99000 Exception <a 'java/lang/NoSuchMethodError'{0x0000000088408f38}: java.lang.invoke.DirectMethodHandle$Holder.invokeVirtual(Ljava/lang/Object;Ljava/lang/Object;)I> (0x0000000088408f38) thrown at [./open/src/hotspot/share/interpreter/linkResolver.cpp, line 77
Event: 2.239 Thread 0x00000286b5b99000 Exception <a 'java/lang/NoSuchMethodError'{0x000000008840ec20}: java.lang.invoke.DirectMethodHandle$Holder.invokeVirtual(Ljava/lang/Object;Ljava/lang/Object;)D> (0x000000008840ec20) thrown at [./open/src/hotspot/share/interpreter/linkResolver.cpp, line 77
Event: 2.240 Thread 0x00000286b5b99000 Exception <a 'java/lang/NoSuchMethodError'{0x00000000884149b0}: java.lang.invoke.DirectMethodHandle$Holder.invokeVirtual(Ljava/lang/Object;Ljava/lang/Object;)F> (0x00000000884149b0) thrown at [./open/src/hotspot/share/interpreter/linkResolver.cpp, line 77
Event: 2.241 Thread 0x00000286b5b99000 Exception <a 'java/lang/NoSuchMethodError'{0x000000008841ce80}: java.lang.invoke.DirectMethodHandle$Holder.invokeVirtual(Ljava/lang/Object;Ljava/lang/Object;)J> (0x000000008841ce80) thrown at [./open/src/hotspot/share/interpreter/linkResolver.cpp, line 77
Event: 2.379 Thread 0x00000286b5b99000 Exception <a 'java/lang/NoSuchMethodError'{0x0000000088167db8}: java.lang.invoke.DirectMethodHandle$Holder.invokeStatic(Ljava/lang/Object;Ljava/lang/Object;Ljava/lang/Object;Ljava/lang/Object;Ljava/lang/Object;)V> (0x0000000088167db8) thrown at [./open/sr
Event: 2.470 Thread 0x00000286b5b99000 Exception <a 'java/lang/NoSuchMethodError'{0x0000000087ed66b8}: java.lang.invoke.DirectMethodHandle$Holder.invokeStatic(Ljava/lang/Object;Ljava/lang/Object;Ljava/lang/Object;Ljava/lang/Object;)V> (0x0000000087ed66b8) thrown at [./open/src/hotspot/share/in
Event: 3.932 Thread 0x00000286b5b99000 Exception <a 'java/lang/NoSuchMethodError'{0x0000000087c4eed8}: java.lang.invoke.DirectMethodHandle$Holder.invokeSpecialIFC(Ljava/lang/Object;Ljava/lang/Object;Ljava/lang/Object;)Ljava/lang/Object;> (0x0000000087c4eed8) thrown at [./open/src/hotspot/share

Events (10 events):
Event: 3.988 loading class java/lang/StackStreamFactory$WalkerState
Event: 3.988 loading class java/lang/StackStreamFactory$WalkerState done
Event: 3.988 loading class java/lang/StackStreamFactory$1
Event: 3.988 loading class java/lang/StackStreamFactory$1 done
Event: 3.988 loading class java/lang/StackStreamFactory$StackFrameTraverser$StackFrameBuffer
Event: 3.988 loading class java/lang/StackStreamFactory$FrameBuffer
Event: 3.988 loading class java/lang/StackStreamFactory$FrameBuffer done
Event: 3.988 loading class java/lang/StackStreamFactory$StackFrameTraverser$StackFrameBuffer done
Event: 3.990 Executing VM operation: RevokeBias
Event: 3.991 Executing VM operation: RevokeBias done


Dynamic libraries:
0x00007ff697600000 - 0x00007ff69760f000 	C:\Program Files\Java\jdk-11.0.15\bin\javaw.exe
0x00007ffbedfd0000 - 0x00007ffbee1c8000 	C:\WINDOWS\SYSTEM32\ntdll.dll
0x00007ffbedbe0000 - 0x00007ffbedc9d000 	C:\WINDOWS\System32\KERNEL32.DLL
0x00007ffbeb6f0000 - 0x00007ffbeb9be000 	C:\WINDOWS\System32\KERNELBASE.dll
0x00007ffbebe80000 - 0x00007ffbebf80000 	C:\WINDOWS\System32\ucrtbase.dll
0x00007ffbe6ed0000 - 0x00007ffbe6ee5000 	C:\Program Files\Java\jdk-11.0.15\bin\VCRUNTIME140.dll
0x00007ffbe3a60000 - 0x00007ffbe3a78000 	C:\Program Files\Java\jdk-11.0.15\bin\jli.dll
0x00007ffbed3e0000 - 0x00007ffbed48e000 	C:\WINDOWS\System32\ADVAPI32.dll
0x00007ffbec230000 - 0x00007ffbec2ce000 	C:\WINDOWS\System32\msvcrt.dll
0x00007ffbec330000 - 0x00007ffbec3cc000 	C:\WINDOWS\System32\sechost.dll
0x00007ffbed490000 - 0x00007ffbed5b5000 	C:\WINDOWS\System32\RPCRT4.dll
0x00007ffbeddf0000 - 0x00007ffbedf90000 	C:\WINDOWS\System32\USER32.dll
0x00007ffbebd40000 - 0x00007ffbebd62000 	C:\WINDOWS\System32\win32u.dll
0x00007ffbed3b0000 - 0x00007ffbed3da000 	C:\WINDOWS\System32\GDI32.dll
0x00007ffbebd70000 - 0x00007ffbebe7b000 	C:\WINDOWS\System32\gdi32full.dll
0x00007ffbebca0000 - 0x00007ffbebd3d000 	C:\WINDOWS\System32\msvcp_win.dll
0x00007ffbdbc70000 - 0x00007ffbdbf0a000 	C:\WINDOWS\WinSxS\amd64_microsoft.windows.common-controls_6595b64144ccf1df_6.0.19041.1110_none_60b5254171f9507e\COMCTL32.dll
0x00007ffbdafe0000 - 0x00007ffbdafea000 	C:\WINDOWS\SYSTEM32\VERSION.dll
0x00007ffbedae0000 - 0x00007ffbedb10000 	C:\WINDOWS\System32\IMM32.DLL
0x00007ffb8edb0000 - 0x00007ffb8ee4b000 	C:\Program Files\Java\jdk-11.0.15\bin\msvcp140.dll
0x00007ffb61040000 - 0x00007ffb61b56000 	C:\Program Files\Java\jdk-11.0.15\bin\server\jvm.dll
0x00007ffbec030000 - 0x00007ffbec038000 	C:\WINDOWS\System32\PSAPI.DLL
0x00007ffbdd690000 - 0x00007ffbdd6b7000 	C:\WINDOWS\SYSTEM32\WINMM.dll
0x00007ffbdc9d0000 - 0x00007ffbdc9d9000 	C:\WINDOWS\SYSTEM32\WSOCK32.dll
0x00007ffbedb70000 - 0x00007ffbedbdb000 	C:\WINDOWS\System32\WS2_32.dll
0x00007ffbe95e0000 - 0x00007ffbe95f2000 	C:\WINDOWS\SYSTEM32\kernel.appcore.dll
0x00007ffbe6ec0000 - 0x00007ffbe6ed0000 	C:\Program Files\Java\jdk-11.0.15\bin\verify.dll
0x00007ffbd5b50000 - 0x00007ffbd5d34000 	C:\WINDOWS\SYSTEM32\DBGHELP.DLL
0x00007ffbd5ad0000 - 0x00007ffbd5afc000 	C:\WINDOWS\SYSTEM32\dbgcore.DLL
0x00007ffbebba0000 - 0x00007ffbebc22000 	C:\WINDOWS\System32\bcryptPrimitives.dll
0x00007ffbdb7b0000 - 0x00007ffbdb7d8000 	C:\Program Files\Java\jdk-11.0.15\bin\java.dll
0x00007ffbe3a50000 - 0x00007ffbe3a5a000 	C:\Program Files\Java\jdk-11.0.15\bin\jimage.dll
0x00007ffbe3970000 - 0x00007ffbe3986000 	C:\Program Files\Java\jdk-11.0.15\bin\zip.dll
0x00007ffbecc60000 - 0x00007ffbed3a3000 	C:\WINDOWS\System32\SHELL32.dll
0x00007ffbe97e0000 - 0x00007ffbe9f75000 	C:\WINDOWS\SYSTEM32\windows.storage.dll
0x00007ffbed780000 - 0x00007ffbedad4000 	C:\WINDOWS\System32\combase.dll
0x00007ffbeb080000 - 0x00007ffbeb0b0000 	C:\WINDOWS\SYSTEM32\Wldp.dll
0x00007ffbec180000 - 0x00007ffbec22d000 	C:\WINDOWS\System32\SHCORE.dll
0x00007ffbeca50000 - 0x00007ffbecaa5000 	C:\WINDOWS\System32\shlwapi.dll
0x00007ffbeb630000 - 0x00007ffbeb64f000 	C:\WINDOWS\SYSTEM32\profapi.dll
0x00007ffbe04b0000 - 0x00007ffbe04c9000 	C:\Program Files\Java\jdk-11.0.15\bin\net.dll
0x00007ffbdd580000 - 0x00007ffbdd68a000 	C:\WINDOWS\SYSTEM32\WINHTTP.dll
0x00007ffbeade0000 - 0x00007ffbeae4a000 	C:\WINDOWS\system32\mswsock.dll
0x00007ffbe0480000 - 0x00007ffbe0492000 	C:\Program Files\Java\jdk-11.0.15\bin\nio.dll
0x00007ffbeab10000 - 0x00007ffbeabda000 	C:\WINDOWS\SYSTEM32\DNSAPI.dll
0x00007ffbeaad0000 - 0x00007ffbeab0b000 	C:\WINDOWS\SYSTEM32\IPHLPAPI.DLL
0x00007ffbed770000 - 0x00007ffbed778000 	C:\WINDOWS\System32\NSI.dll
0x00007ffbe2b10000 - 0x00007ffbe2b1a000 	C:\Windows\System32\rasadhlp.dll
0x00007ffbe5570000 - 0x00007ffbe55f0000 	C:\WINDOWS\System32\fwpuclnt.dll
0x00007ffbebb70000 - 0x00007ffbebb97000 	C:\WINDOWS\System32\bcrypt.dll
0x00007ffbeafd0000 - 0x00007ffbeafe8000 	C:\WINDOWS\SYSTEM32\CRYPTSP.dll
0x00007ffbea760000 - 0x00007ffbea794000 	C:\WINDOWS\system32\rsaenh.dll
0x00007ffbeb5f0000 - 0x00007ffbeb61e000 	C:\WINDOWS\SYSTEM32\USERENV.dll
0x00007ffbeaff0000 - 0x00007ffbeaffc000 	C:\WINDOWS\SYSTEM32\CRYPTBASE.dll
0x00007ffbe5120000 - 0x00007ffbe5137000 	C:\WINDOWS\SYSTEM32\dhcpcsvc6.DLL
0x00007ffbe50e0000 - 0x00007ffbe50fd000 	C:\WINDOWS\SYSTEM32\dhcpcsvc.DLL
0x00007ffbe3a40000 - 0x00007ffbe3a4d000 	C:\Program Files\Java\jdk-11.0.15\bin\sunmscapi.dll
0x00007ffbeb9c0000 - 0x00007ffbebb16000 	C:\WINDOWS\System32\CRYPT32.dll
0x00007ffbeb0f0000 - 0x00007ffbeb117000 	C:\WINDOWS\SYSTEM32\ncrypt.dll
0x00007ffbeb0b0000 - 0x00007ffbeb0eb000 	C:\WINDOWS\SYSTEM32\NTASN1.dll
0x00007ffbc1590000 - 0x00007ffbc15b5000 	C:\Program Files\Java\jdk-11.0.15\bin\sunec.dll

dbghelp: loaded successfully - version: 4.0.5 - missing functions: none
symbol engine: initialized successfully - sym options: 0x614 - pdb path: .;C:\Program Files\Java\jdk-11.0.15\bin;C:\WINDOWS\SYSTEM32;C:\WINDOWS\WinSxS\amd64_microsoft.windows.common-controls_6595b64144ccf1df_6.0.19041.1110_none_60b5254171f9507e;C:\Program Files\Java\jdk-11.0.15\bin\server

VM Arguments:
jvm_args: -ea -Dfile.encoding=UTF-8 
java_command: org.testng.remote.RemoteTestNG -serport 51637 -protocol json -d C:\Fullstack Selenium JV\02-Selenium Webdriver\test-output C:\Users\yentt\AppData\Local\Temp\testng-eclipse-1155823957\testng-customsuite.xml
java_class_path (initial): C:\Fullstack Selenium JV\01-Tools\eclipse-java-2022-03-R-win32-x86_64\eclipse\configuration\org.eclipse.osgi\433\0\.cp\lib\testng-remote.jar;C:\Fullstack Selenium JV\02-Selenium Webdriver\bin;C:\Fullstack Selenium JV\02-Selenium Webdriver\libraries\selenium-server-standalone-3.141.59.jar;C:\Fullstack Selenium JV\02-Selenium Webdriver\libraries\testng-6.14.3.jar
Launcher Type: SUN_STANDARD

[Global flags]
     intx CICompilerCount                          = 3                                         {product} {ergonomic}
     uint ConcGCThreads                            = 1                                         {product} {ergonomic}
     uint G1ConcRefinementThreads                  = 4                                         {product} {ergonomic}
   size_t G1HeapRegionSize                         = 1048576                                   {product} {ergonomic}
    uintx GCDrainStackTargetSize                   = 64                                        {product} {ergonomic}
   size_t InitialHeapSize                          = 134217728                                 {product} {ergonomic}
   size_t MarkStackSize                            = 4194304                                   {product} {ergonomic}
   size_t MaxHeapSize                              = 2124414976                                {product} {ergonomic}
   size_t MaxNewSize                               = 1274019840                                {product} {ergonomic}
   size_t MinHeapDeltaBytes                        = 1048576                                   {product} {ergonomic}
    uintx NonNMethodCodeHeapSize                   = 5830732                                {pd product} {ergonomic}
    uintx NonProfiledCodeHeapSize                  = 122913754                              {pd product} {ergonomic}
    uintx ProfiledCodeHeapSize                     = 122913754                              {pd product} {ergonomic}
    uintx ReservedCodeCacheSize                    = 251658240                              {pd product} {ergonomic}
     bool SegmentedCodeCache                       = true                                      {product} {ergonomic}
     bool UseCompressedClassPointers               = true                                 {lp64_product} {ergonomic}
     bool UseCompressedOops                        = true                                 {lp64_product} {ergonomic}
     bool UseG1GC                                  = true                                      {product} {ergonomic}
     bool UseLargePagesIndividualAllocation        = false                                  {pd product} {ergonomic}

Logging:
Log output configuration:
 #0: stdout all=warning uptime,level,tags
 #1: stderr all=off uptime,level,tags

Environment Variables:
PATH=C:/Fullstack Selenium JV/01-Tools/eclipse-java-2022-03-R-win32-x86_64/eclipse//plugins/org.eclipse.justj.openjdk.hotspot.jre.full.win32.x86_64_17.0.2.v20220201-1208/jre/bin/server;C:/Fullstack Selenium JV/01-Tools/eclipse-java-2022-03-R-win32-x86_64/eclipse//plugins/org.eclipse.justj.openjdk.hotspot.jre.full.win32.x86_64_17.0.2.v20220201-1208/jre/bin;C:\Program Files\Python37\Scripts\;C:\Program Files\Python37\;C:\Program Files\Common Files\Oracle\Java\javapath;C:\WINDOWS\system32;C:\WINDOWS;C:\WINDOWS\System32\Wbem;C:\WINDOWS\System32\WindowsPowerShell\v1.0\;C:\WINDOWS\System32\OpenSSH\;C:\Program Files\TortoiseSVN\bin;C:\Program Files (x86)\Microsoft SQL Server\110\Tools\Binn\;C:\Program Files\Microsoft SQL Server\110\Tools\Binn\;C:\Program Files\Microsoft SQL Server\110\DTS\Binn\;C:\Program Files (x86)\Microsoft SQL Server\110\Tools\Binn\ManagementStudio\;C:\Program Files (x86)\Microsoft Visual Studio 10.0\Common7\IDE\PrivateAssemblies\;C:\Program Files (x86)\Microsoft SQL Server\110\DTS\Binn\;C:\Users\yentt\AppData\Local\Programs\Python\Python37;C:\Users\yentt\AppData\Local\Programs\Python\Python37\Scripts;C:\Program Files\Python37;C:\Program Files\Python37\Scripts;C:\Users\yentt\AppData\Local\pip;C:\Users\yentt\AppData\Local\Programs\Python\Python37\Scripts\;C:\Users\yentt\AppData\Local\Programs\Python\Python37\;C:\Users\yentt\AppData\Local\Microsoft\WindowsApps;C:\Users\yentt\AppData\Local\Programs\Microsoft VS Code\bin;C:\Fullstack Selenium JV\01-Tools\eclipse-java-2022-03-R-win32-x86_64\eclipse;
USERNAME=yentt
OS=Windows_NT
PROCESSOR_IDENTIFIER=Intel64 Family 6 Model 61 Stepping 4, GenuineIntel



---------------  S Y S T E M  ---------------

OS: Windows 10 , 64 bit Build 19041 (10.0.19041.1889)

CPU:total 4 (initial active 4) (2 cores per cpu, 2 threads per core) family 6 model 61 stepping 4 microcode 0x2d, cmov, cx8, fxsr, mmx, sse, sse2, sse3, ssse3, sse4.1, sse4.2, popcnt, avx, avx2, aes, clmul, erms, 3dnowpref, lzcnt, ht, tsc, tscinvbit, bmi1, bmi2, adx, fma

Memory: 4k page, system-wide physical 8102M (776M free)
TotalPageFile size 24877M (AvailPageFile size 0M)
current process WorkingSet (physical memory assigned to process): 98M, peak: 98M
current process commit charge ("private bytes"): 226M, peak: 226M

vm_info: Java HotSpot(TM) 64-Bit Server VM (11.0.15+8-LTS-149) for windows-amd64 JRE (11.0.15+8-LTS-149), built on Mar  9 2022 22:42:32 by "mach5one" with MS VC++ 15.9 (VS2017)

END.
